{"C:\\Cursos\\React\\04-giftapp\\src\\components\\GiftGridItem.tsx": {"path":"C:\\Cursos\\React\\04-giftapp\\src\\components\\GiftGridItem.tsx","statementMap":{"0":{"start":{"line":4,"column":50},"end":{"line":17,"column":1}},"1":{"start":{"line":8,"column":4},"end":{"line":16,"column":null}},"2":{"start":{"line":4,"column":13},"end":{"line":4,"column":50}}},"fnMap":{"0":{"name":"(anonymous_0)","decl":{"start":{"line":4,"column":50},"end":{"line":4,"column":51}},"loc":{"start":{"line":7,"column":16},"end":{"line":17,"column":1}}}},"branchMap":{},"s":{"0":1,"1":1,"2":1},"f":{"0":1},"b":{}}
}
